<?xml version="1.0" encoding="UTF-8"?>
<!-- Generated by org.testng.reporters.JUnitReportReporter -->
<testsuite skipped="0" hostname="KULANDASAMYC" name="TestCases.LEADserverPatch" tests="8" failures="0" timestamp="17 Oct 2019 13:06:36 GMT" time="416.118" errors="0">
  <testcase name="executeRow2to9" time="53.338" classname="TestCases.LEADserverPatch"/>
  <testcase name="executeRow10to13" time="66.656" classname="TestCases.LEADserverPatch"/>
  <testcase name="executeRow34to37" time="58.103" classname="TestCases.LEADserverPatch"/>
  <testcase name="executeRows14to17" time="27.483" classname="TestCases.LEADserverPatch"/>
  <testcase name="executeRow18to21" time="134.329" classname="TestCases.LEADserverPatch"/>
  <testcase name="executeRow30to33" time="23.198" classname="TestCases.LEADserverPatch"/>
  <testcase name="executeRow42to45" time="22.934" classname="TestCases.LEADserverPatch"/>
  <testcase name="executeRow47to50" time="30.077" classname="TestCases.LEADserverPatch"/>
</testsuite> <!-- TestCases.LEADserverPatch -->
