<?xml version="1.0" encoding="UTF-8"?>
<!-- Generated by org.testng.reporters.JUnitReportReporter -->
<testsuite skipped="1" hostname="KULANDASAMYC" name="TestCases.PRODserverPatch" tests="11" failures="0" timestamp="17 Apr 2019 08:18:05 GMT" time="469.246" errors="0">
  <testcase name="executeRow2" time="10.511" classname="TestCases.PRODserverPatch"/>
  <testcase name="executeRow3" time="20.314" classname="TestCases.PRODserverPatch"/>
  <testcase name="executeRow4" time="15.584" classname="TestCases.PRODserverPatch"/>
  <testcase name="executeRow5" time="56.390" classname="TestCases.PRODserverPatch"/>
  <testcase name="executeRow6" time="10.658" classname="TestCases.PRODserverPatch"/>
  <testcase name="executeRow7" time="5.468" classname="TestCases.PRODserverPatch"/>
  <testcase name="executeRow8" time="17.987" classname="TestCases.PRODserverPatch"/>
  <testcase name="executeRow10" time="14.389" classname="TestCases.PRODserverPatch"/>
  <testcase name="executeRow11" time="6.891" classname="TestCases.PRODserverPatch"/>
  <testcase name="executeLinkTest12" time="311.054" classname="TestCases.PRODserverPatch"/>
  <testcase name="executeRow5tes" classname="TestCases.PRODserverPatch">
    <skipped/>
  </testcase> <!-- executeRow5tes -->
</testsuite> <!-- TestCases.PRODserverPatch -->
