<?xml version="1.0" encoding="UTF-8"?>
<!-- Generated by org.testng.reporters.JUnitReportReporter -->
<testsuite skipped="1" hostname="KULANDASAMYC" name="TestCases.PRODserverPatch" tests="11" failures="0" timestamp="19 Mar 2019 06:03:58 GMT" time="554.488" errors="0">
  <testcase name="executeRow2" time="44.584" classname="TestCases.PRODserverPatch"/>
  <testcase name="executeRow3" time="47.124" classname="TestCases.PRODserverPatch"/>
  <testcase name="executeRow4" time="17.262" classname="TestCases.PRODserverPatch"/>
  <testcase name="executeRow5" time="128.355" classname="TestCases.PRODserverPatch"/>
  <testcase name="executeRow6" time="16.109" classname="TestCases.PRODserverPatch"/>
  <testcase name="executeRow7" time="20.422" classname="TestCases.PRODserverPatch"/>
  <testcase name="executeRow8" time="29.195" classname="TestCases.PRODserverPatch"/>
  <testcase name="executeRow10" time="19.107" classname="TestCases.PRODserverPatch"/>
  <testcase name="executeRow11" time="20.668" classname="TestCases.PRODserverPatch"/>
  <testcase name="executeLinkTest12" time="211.662" classname="TestCases.PRODserverPatch"/>
  <testcase name="executeRow5tes" classname="TestCases.PRODserverPatch">
    <skipped/>
  </testcase> <!-- executeRow5tes -->
</testsuite> <!-- TestCases.PRODserverPatch -->
