<?xml version="1.0" encoding="UTF-8"?>
<!-- Generated by org.testng.reporters.JUnitReportReporter -->
<testsuite skipped="5" hostname="KULANDASAMYC" name="TestCases.LEADserverPatch" tests="9" failures="0" timestamp="24 Oct 2018 09:27:26 GMT" time="174.936" errors="0">
  <testcase name="executeRow2to9" time="58.063" classname="TestCases.LEADserverPatch"/>
  <testcase name="executeRow10to13" time="78.754" classname="TestCases.LEADserverPatch"/>
  <testcase name="executeRow34to37" time="17.972" classname="TestCases.LEADserverPatch"/>
  <testcase name="executeRows14to17" time="20.147" classname="TestCases.LEADserverPatch"/>
  <testcase name="executeRow51to54" classname="TestCases.LEADserverPatch">
    <skipped/>
  </testcase> <!-- executeRow51to54 -->
  <testcase name="executeRow42to45" classname="TestCases.LEADserverPatch">
    <skipped/>
  </testcase> <!-- executeRow42to45 -->
  <testcase name="executeRow46to49" classname="TestCases.LEADserverPatch">
    <skipped/>
  </testcase> <!-- executeRow46to49 -->
  <testcase name="executeRow18to21" classname="TestCases.LEADserverPatch">
    <skipped/>
  </testcase> <!-- executeRow18to21 -->
  <testcase name="executeRow30to33" classname="TestCases.LEADserverPatch">
    <skipped/>
  </testcase> <!-- executeRow30to33 -->
</testsuite> <!-- TestCases.LEADserverPatch -->
