<?xml version="1.0" encoding="UTF-8"?>
<!-- Generated by org.testng.reporters.JUnitReportReporter -->
<testsuite skipped="1" hostname="KULANDASAMYC" name="TestCases.LEADserverPatch" tests="9" failures="0" timestamp="23 Aug 2019 08:24:51 GMT" time="443.703" errors="0">
  <testcase name="executeRow2to9" time="51.579" classname="TestCases.LEADserverPatch"/>
  <testcase name="executeRow10to13" time="71.838" classname="TestCases.LEADserverPatch"/>
  <testcase name="executeRow34to37" time="74.844" classname="TestCases.LEADserverPatch"/>
  <testcase name="executeRows14to17" time="27.102" classname="TestCases.LEADserverPatch"/>
  <testcase name="executeRow18to21" time="138.765" classname="TestCases.LEADserverPatch"/>
  <testcase name="executeRow30to33" time="21.628" classname="TestCases.LEADserverPatch"/>
  <testcase name="executeRow42to45" time="22.581" classname="TestCases.LEADserverPatch"/>
  <testcase name="executeRow51to54" time="35.366" classname="TestCases.LEADserverPatch"/>
  <testcase name="executeRow46to49" classname="TestCases.LEADserverPatch">
    <skipped/>
  </testcase> <!-- executeRow46to49 -->
</testsuite> <!-- TestCases.LEADserverPatch -->
