<?xml version="1.0" encoding="UTF-8"?>
<!-- Generated by org.testng.reporters.JUnitReportReporter -->
<testsuite skipped="3" hostname="KULANDASAMYC" name="TestCases.UATserverPatch" tests="8" failures="0" timestamp="09 Apr 2019 06:05:48 GMT" time="195.182" errors="0">
  <testcase name="executeRow1" time="28.960" classname="TestCases.UATserverPatch"/>
  <testcase name="executeRow2" time="3.791" classname="TestCases.UATserverPatch"/>
  <testcase name="executeRow3" time="73.333" classname="TestCases.UATserverPatch"/>
  <testcase name="executeRow4" time="13.994" classname="TestCases.UATserverPatch"/>
  <testcase name="executeRow5" time="75.104" classname="TestCases.UATserverPatch"/>
  <testcase name="executeRow6" classname="TestCases.UATserverPatch">
    <skipped/>
  </testcase> <!-- executeRow6 -->
  <testcase name="executeRow7" classname="TestCases.UATserverPatch">
    <skipped/>
  </testcase> <!-- executeRow7 -->
  <testcase name="executeRow8" classname="TestCases.UATserverPatch">
    <skipped/>
  </testcase> <!-- executeRow8 -->
</testsuite> <!-- TestCases.UATserverPatch -->
