<?xml version="1.0" encoding="UTF-8"?>
<!-- Generated by org.testng.reporters.JUnitReportReporter -->
<testsuite skipped="0" hostname="KULANDASAMYC" name="TestCases.UATserverPatch" tests="4" failures="0" timestamp="10 Apr 2019 09:12:35 GMT" time="135.086" errors="0">
  <testcase name="executeRow2" time="57.277" classname="TestCases.UATserverPatch"/>
  <testcase name="executeRow3" time="49.744" classname="TestCases.UATserverPatch"/>
  <testcase name="executeRow4" time="0.204" classname="TestCases.UATserverPatch"/>
  <testcase name="executeRow5" time="27.861" classname="TestCases.UATserverPatch"/>
</testsuite> <!-- TestCases.UATserverPatch -->
