<?xml version="1.0" encoding="UTF-8"?>
<!-- Generated by org.testng.reporters.JUnitReportReporter -->
<testsuite skipped="0" hostname="KULANDASAMYC" name="TestCases.UATserverPatch" tests="4" failures="0" timestamp="15 May 2019 09:50:07 GMT" time="209.724" errors="0">
  <testcase name="executeRow2" time="43.878" classname="TestCases.UATserverPatch"/>
  <testcase name="executeRow3" time="55.100" classname="TestCases.UATserverPatch"/>
  <testcase name="executeRow4" time="14.442" classname="TestCases.UATserverPatch"/>
  <testcase name="executeRow5" time="96.304" classname="TestCases.UATserverPatch"/>
</testsuite> <!-- TestCases.UATserverPatch -->
