<?xml version="1.0" encoding="UTF-8"?>
<!-- Generated by org.testng.reporters.JUnitReportReporter -->
<testsuite skipped="0" hostname="KULANDASAMYC" name="TestCases.LEADserverPatch" tests="9" failures="0" timestamp="21 Mar 2019 08:02:56 GMT" time="464.827" errors="0">
  <testcase name="executeRow2to9" time="42.323" classname="TestCases.LEADserverPatch"/>
  <testcase name="executeRow10to13" time="70.624" classname="TestCases.LEADserverPatch"/>
  <testcase name="executeRow34to37" time="36.393" classname="TestCases.LEADserverPatch"/>
  <testcase name="executeRows14to17" time="21.058" classname="TestCases.LEADserverPatch"/>
  <testcase name="executeRow18to21" time="125.434" classname="TestCases.LEADserverPatch"/>
  <testcase name="executeRow30to33" time="17.446" classname="TestCases.LEADserverPatch"/>
  <testcase name="executeRow42to45" time="17.600" classname="TestCases.LEADserverPatch"/>
  <testcase name="executeRow46to49" time="111.561" classname="TestCases.LEADserverPatch"/>
  <testcase name="executeRow51to54" time="22.388" classname="TestCases.LEADserverPatch"/>
</testsuite> <!-- TestCases.LEADserverPatch -->
