<?xml version="1.0" encoding="UTF-8"?>
<!-- Generated by org.testng.reporters.JUnitReportReporter -->
<testsuite skipped="0" hostname="KULANDASAMYC" name="TestCases.LEADserverPatch" tests="9" failures="0" timestamp="22 Mar 2019 08:32:35 GMT" time="542.987" errors="0">
  <testcase name="executeRow2to9" time="57.924" classname="TestCases.LEADserverPatch"/>
  <testcase name="executeRow10to13" time="84.152" classname="TestCases.LEADserverPatch"/>
  <testcase name="executeRow34to37" time="49.603" classname="TestCases.LEADserverPatch"/>
  <testcase name="executeRows14to17" time="21.665" classname="TestCases.LEADserverPatch"/>
  <testcase name="executeRow18to21" time="146.510" classname="TestCases.LEADserverPatch"/>
  <testcase name="executeRow30to33" time="18.244" classname="TestCases.LEADserverPatch"/>
  <testcase name="executeRow42to45" time="20.912" classname="TestCases.LEADserverPatch"/>
  <testcase name="executeRow46to49" time="113.150" classname="TestCases.LEADserverPatch"/>
  <testcase name="executeRow51to54" time="30.827" classname="TestCases.LEADserverPatch"/>
</testsuite> <!-- TestCases.LEADserverPatch -->
