<?xml version="1.0" encoding="UTF-8"?>
<!-- Generated by org.testng.reporters.JUnitReportReporter -->
<testsuite skipped="0" hostname="KULANDASAMYC" name="TestCases.SM_SmokeTest" tests="1" failures="0" timestamp="26 Aug 2019 06:50:53 GMT" time="601.685" errors="0">
  <testcase name="execute" time="601.685" classname="TestCases.SM_SmokeTest"/>
</testsuite> <!-- TestCases.SM_SmokeTest -->
