<?xml version="1.0" encoding="UTF-8"?>
<!-- Generated by org.testng.reporters.JUnitReportReporter -->
<testsuite skipped="1" hostname="KULANDASAMYC" name="TestCases.PRODserverPatch" tests="11" failures="0" timestamp="20 Mar 2019 04:14:10 GMT" time="519.671" errors="0">
  <testcase name="executeRow2" time="18.275" classname="TestCases.PRODserverPatch"/>
  <testcase name="executeRow3" time="79.591" classname="TestCases.PRODserverPatch"/>
  <testcase name="executeRow4" time="13.307" classname="TestCases.PRODserverPatch"/>
  <testcase name="executeRow5" time="127.141" classname="TestCases.PRODserverPatch"/>
  <testcase name="executeRow6" time="27.302" classname="TestCases.PRODserverPatch"/>
  <testcase name="executeRow7" time="8.453" classname="TestCases.PRODserverPatch"/>
  <testcase name="executeRow8" time="13.503" classname="TestCases.PRODserverPatch"/>
  <testcase name="executeRow10" time="10.558" classname="TestCases.PRODserverPatch"/>
  <testcase name="executeRow11" time="12.810" classname="TestCases.PRODserverPatch"/>
  <testcase name="executeLinkTest12" time="208.731" classname="TestCases.PRODserverPatch"/>
  <testcase name="executeRow5tes" classname="TestCases.PRODserverPatch">
    <skipped/>
  </testcase> <!-- executeRow5tes -->
</testsuite> <!-- TestCases.PRODserverPatch -->
