<?xml version="1.0" encoding="UTF-8"?>
<!-- Generated by org.testng.reporters.JUnitReportReporter -->
<testsuite skipped="0" hostname="KULANDASAMYC" name="TestCases.LEADserverPatch" tests="9" failures="0" timestamp="17 Apr 2019 08:34:24 GMT" time="769.862" errors="0">
  <testcase name="executeRow2to9" time="57.250" classname="TestCases.LEADserverPatch"/>
  <testcase name="executeRow10to13" time="130.595" classname="TestCases.LEADserverPatch"/>
  <testcase name="executeRow34to37" time="115.635" classname="TestCases.LEADserverPatch"/>
  <testcase name="executeRows14to17" time="33.900" classname="TestCases.LEADserverPatch"/>
  <testcase name="executeRow18to21" time="148.518" classname="TestCases.LEADserverPatch"/>
  <testcase name="executeRow30to33" time="95.904" classname="TestCases.LEADserverPatch"/>
  <testcase name="executeRow42to45" time="45.272" classname="TestCases.LEADserverPatch"/>
  <testcase name="executeRow46to49" time="100.766" classname="TestCases.LEADserverPatch"/>
  <testcase name="executeRow51to54" time="42.022" classname="TestCases.LEADserverPatch"/>
</testsuite> <!-- TestCases.LEADserverPatch -->
